
2019-07-13 10:21:39
[WARN]-[Thread: localhost-startStop-1]-[com.jfinal.core.paragetter.ParaProcessorBuilder.createParaGetter()]: you should add compiler flag -parameters to support parameter auto binding

2019-07-13 10:21:39
[WARN]-[Thread: localhost-startStop-1]-[com.jfinal.core.paragetter.ParaProcessorBuilder.createParaGetter()]: you should add compiler flag -parameters to support parameter auto binding

2019-07-13 10:21:39
[WARN]-[Thread: localhost-startStop-1]-[com.jfinal.core.paragetter.ParaProcessorBuilder.createParaGetter()]: you should add compiler flag -parameters to support parameter auto binding

2019-07-13 10:21:39
[WARN]-[Thread: localhost-startStop-1]-[com.jfinal.core.paragetter.ParaProcessorBuilder.createParaGetter()]: you should add compiler flag -parameters to support parameter auto binding

2019-07-13 10:21:39
[WARN]-[Thread: localhost-startStop-1]-[com.jfinal.core.paragetter.ParaProcessorBuilder.createParaGetter()]: you should add compiler flag -parameters to support parameter auto binding

2019-07-13 10:21:39
[WARN]-[Thread: localhost-startStop-1]-[com.jfinal.core.paragetter.ParaProcessorBuilder.createParaGetter()]: you should add compiler flag -parameters to support parameter auto binding

2019-07-13 10:21:39
[WARN]-[Thread: localhost-startStop-1]-[com.jfinal.core.paragetter.ParaProcessorBuilder.createParaGetter()]: you should add compiler flag -parameters to support parameter auto binding

2019-07-13 10:21:39
[WARN]-[Thread: localhost-startStop-1]-[com.jfinal.core.paragetter.ParaProcessorBuilder.createParaGetter()]: you should add compiler flag -parameters to support parameter auto binding

2019-07-13 10:21:39
[WARN]-[Thread: localhost-startStop-1]-[com.jfinal.core.paragetter.ParaProcessorBuilder.createParaGetter()]: you should add compiler flag -parameters to support parameter auto binding

2019-07-13 10:21:39
[WARN]-[Thread: localhost-startStop-1]-[com.jfinal.core.paragetter.ParaProcessorBuilder.createParaGetter()]: you should add compiler flag -parameters to support parameter auto binding

2019-07-13 10:21:39
[WARN]-[Thread: localhost-startStop-1]-[com.jfinal.core.paragetter.ParaProcessorBuilder.createParaGetter()]: you should add compiler flag -parameters to support parameter auto binding

2019-07-13 10:21:39
[WARN]-[Thread: localhost-startStop-1]-[com.jfinal.core.paragetter.ParaProcessorBuilder.createParaGetter()]: you should add compiler flag -parameters to support parameter auto binding

2019-07-13 10:21:39
[WARN]-[Thread: localhost-startStop-1]-[com.jfinal.core.paragetter.ParaProcessorBuilder.createParaGetter()]: you should add compiler flag -parameters to support parameter auto binding

2019-07-13 10:21:39
[WARN]-[Thread: localhost-startStop-1]-[com.jfinal.core.paragetter.ParaProcessorBuilder.createParaGetter()]: you should add compiler flag -parameters to support parameter auto binding

2019-07-13 10:21:39
[WARN]-[Thread: localhost-startStop-1]-[com.jfinal.core.paragetter.ParaProcessorBuilder.createParaGetter()]: you should add compiler flag -parameters to support parameter auto binding

2019-07-13 10:21:39
[WARN]-[Thread: localhost-startStop-1]-[com.jfinal.core.paragetter.ParaProcessorBuilder.createParaGetter()]: you should add compiler flag -parameters to support parameter auto binding

2019-07-13 10:21:39
[WARN]-[Thread: localhost-startStop-1]-[com.jfinal.core.paragetter.ParaProcessorBuilder.createParaGetter()]: you should add compiler flag -parameters to support parameter auto binding

2019-07-13 10:21:39
[WARN]-[Thread: localhost-startStop-1]-[com.jfinal.core.paragetter.ParaProcessorBuilder.createParaGetter()]: you should add compiler flag -parameters to support parameter auto binding

2019-07-13 10:21:39
[WARN]-[Thread: localhost-startStop-1]-[com.jfinal.core.paragetter.ParaProcessorBuilder.createParaGetter()]: you should add compiler flag -parameters to support parameter auto binding

2019-07-13 10:21:39
[WARN]-[Thread: localhost-startStop-1]-[com.jfinal.core.paragetter.ParaProcessorBuilder.createParaGetter()]: you should add compiler flag -parameters to support parameter auto binding

2019-07-13 10:21:39
[WARN]-[Thread: localhost-startStop-1]-[com.jfinal.core.paragetter.ParaProcessorBuilder.createParaGetter()]: you should add compiler flag -parameters to support parameter auto binding

2019-07-13 10:21:39
[WARN]-[Thread: localhost-startStop-1]-[com.jfinal.core.paragetter.ParaProcessorBuilder.createParaGetter()]: you should add compiler flag -parameters to support parameter auto binding

2019-07-13 10:21:39
[WARN]-[Thread: localhost-startStop-1]-[com.jfinal.core.paragetter.ParaProcessorBuilder.createParaGetter()]: you should add compiler flag -parameters to support parameter auto binding

2019-07-13 10:21:39
[WARN]-[Thread: localhost-startStop-1]-[com.jfinal.core.paragetter.ParaProcessorBuilder.createParaGetter()]: you should add compiler flag -parameters to support parameter auto binding

2019-07-13 10:21:39
[WARN]-[Thread: localhost-startStop-1]-[com.jfinal.core.paragetter.ParaProcessorBuilder.createParaGetter()]: you should add compiler flag -parameters to support parameter auto binding

2019-07-13 10:21:39
[WARN]-[Thread: localhost-startStop-1]-[com.jfinal.core.paragetter.ParaProcessorBuilder.createParaGetter()]: you should add compiler flag -parameters to support parameter auto binding

2019-07-13 10:21:39
[WARN]-[Thread: localhost-startStop-1]-[com.jfinal.core.paragetter.ParaProcessorBuilder.createParaGetter()]: you should add compiler flag -parameters to support parameter auto binding

2019-07-13 10:21:39
[WARN]-[Thread: localhost-startStop-1]-[com.jfinal.core.paragetter.ParaProcessorBuilder.createParaGetter()]: you should add compiler flag -parameters to support parameter auto binding

2019-07-13 10:21:39
[WARN]-[Thread: localhost-startStop-1]-[com.jfinal.core.paragetter.ParaProcessorBuilder.createParaGetter()]: you should add compiler flag -parameters to support parameter auto binding

2019-07-13 10:21:39
[WARN]-[Thread: localhost-startStop-1]-[com.jfinal.core.paragetter.ParaProcessorBuilder.createParaGetter()]: you should add compiler flag -parameters to support parameter auto binding

2019-07-13 10:21:39
[WARN]-[Thread: localhost-startStop-1]-[com.jfinal.core.paragetter.ParaProcessorBuilder.createParaGetter()]: you should add compiler flag -parameters to support parameter auto binding

2019-07-13 10:21:39
[WARN]-[Thread: localhost-startStop-1]-[com.jfinal.core.paragetter.ParaProcessorBuilder.createParaGetter()]: you should add compiler flag -parameters to support parameter auto binding

2019-07-13 10:21:39
[WARN]-[Thread: localhost-startStop-1]-[com.jfinal.core.paragetter.ParaProcessorBuilder.createParaGetter()]: you should add compiler flag -parameters to support parameter auto binding

2019-07-13 10:21:39
[WARN]-[Thread: localhost-startStop-1]-[com.jfinal.core.paragetter.ParaProcessorBuilder.createParaGetter()]: you should add compiler flag -parameters to support parameter auto binding

2019-07-13 10:21:39
[WARN]-[Thread: localhost-startStop-1]-[com.jfinal.core.paragetter.ParaProcessorBuilder.createParaGetter()]: you should add compiler flag -parameters to support parameter auto binding

2019-07-13 10:21:39
[WARN]-[Thread: localhost-startStop-1]-[com.jfinal.core.paragetter.ParaProcessorBuilder.createParaGetter()]: you should add compiler flag -parameters to support parameter auto binding

2019-07-13 10:21:39
[WARN]-[Thread: localhost-startStop-1]-[com.jfinal.core.paragetter.ParaProcessorBuilder.createParaGetter()]: you should add compiler flag -parameters to support parameter auto binding

2019-07-13 10:21:39
[WARN]-[Thread: localhost-startStop-1]-[com.jfinal.core.paragetter.ParaProcessorBuilder.createParaGetter()]: you should add compiler flag -parameters to support parameter auto binding

2019-07-13 10:21:39
[WARN]-[Thread: localhost-startStop-1]-[com.jfinal.core.paragetter.ParaProcessorBuilder.createParaGetter()]: you should add compiler flag -parameters to support parameter auto binding

2019-07-13 10:21:39
[WARN]-[Thread: localhost-startStop-1]-[com.jfinal.core.paragetter.ParaProcessorBuilder.createParaGetter()]: you should add compiler flag -parameters to support parameter auto binding

2019-07-13 10:21:39
[WARN]-[Thread: localhost-startStop-1]-[com.jfinal.core.paragetter.ParaProcessorBuilder.createParaGetter()]: you should add compiler flag -parameters to support parameter auto binding

2019-07-13 10:21:39
[WARN]-[Thread: localhost-startStop-1]-[com.jfinal.core.paragetter.ParaProcessorBuilder.createParaGetter()]: you should add compiler flag -parameters to support parameter auto binding

2019-07-13 10:21:39
[WARN]-[Thread: localhost-startStop-1]-[com.jfinal.core.paragetter.ParaProcessorBuilder.createParaGetter()]: you should add compiler flag -parameters to support parameter auto binding

2019-07-13 10:21:39
[WARN]-[Thread: localhost-startStop-1]-[com.jfinal.core.paragetter.ParaProcessorBuilder.createParaGetter()]: you should add compiler flag -parameters to support parameter auto binding

2019-07-13 10:21:39
[WARN]-[Thread: localhost-startStop-1]-[com.jfinal.core.paragetter.ParaProcessorBuilder.createParaGetter()]: you should add compiler flag -parameters to support parameter auto binding

2019-07-13 10:21:39
[WARN]-[Thread: localhost-startStop-1]-[com.jfinal.core.paragetter.ParaProcessorBuilder.createParaGetter()]: you should add compiler flag -parameters to support parameter auto binding

2019-07-13 10:21:39
[WARN]-[Thread: localhost-startStop-1]-[com.jfinal.core.paragetter.ParaProcessorBuilder.createParaGetter()]: you should add compiler flag -parameters to support parameter auto binding

2019-07-13 10:21:39
[WARN]-[Thread: localhost-startStop-1]-[com.jfinal.core.paragetter.ParaProcessorBuilder.createParaGetter()]: you should add compiler flag -parameters to support parameter auto binding

2019-07-13 10:21:39
[WARN]-[Thread: localhost-startStop-1]-[com.jfinal.core.paragetter.ParaProcessorBuilder.createParaGetter()]: you should add compiler flag -parameters to support parameter auto binding

2019-07-13 10:21:39
[WARN]-[Thread: localhost-startStop-1]-[com.jfinal.core.paragetter.ParaProcessorBuilder.createParaGetter()]: you should add compiler flag -parameters to support parameter auto binding

2019-07-13 10:21:39
[WARN]-[Thread: localhost-startStop-1]-[com.jfinal.core.paragetter.ParaProcessorBuilder.createParaGetter()]: you should add compiler flag -parameters to support parameter auto binding

2019-07-13 10:21:39
[WARN]-[Thread: localhost-startStop-1]-[com.jfinal.core.paragetter.ParaProcessorBuilder.createParaGetter()]: you should add compiler flag -parameters to support parameter auto binding

2019-07-13 10:21:39
[WARN]-[Thread: localhost-startStop-1]-[com.jfinal.core.paragetter.ParaProcessorBuilder.createParaGetter()]: you should add compiler flag -parameters to support parameter auto binding

2019-07-13 10:21:39
[WARN]-[Thread: localhost-startStop-1]-[com.jfinal.core.paragetter.ParaProcessorBuilder.createParaGetter()]: you should add compiler flag -parameters to support parameter auto binding

2019-07-13 10:21:39
[WARN]-[Thread: localhost-startStop-1]-[com.jfinal.core.paragetter.ParaProcessorBuilder.createParaGetter()]: you should add compiler flag -parameters to support parameter auto binding

2019-07-13 10:21:39
[WARN]-[Thread: localhost-startStop-1]-[com.jfinal.core.paragetter.ParaProcessorBuilder.createParaGetter()]: you should add compiler flag -parameters to support parameter auto binding

2019-07-13 10:21:39
[WARN]-[Thread: localhost-startStop-1]-[com.jfinal.core.paragetter.ParaProcessorBuilder.createParaGetter()]: you should add compiler flag -parameters to support parameter auto binding

2019-07-13 10:21:39
[WARN]-[Thread: localhost-startStop-1]-[com.jfinal.core.paragetter.ParaProcessorBuilder.createParaGetter()]: you should add compiler flag -parameters to support parameter auto binding

2019-07-13 10:21:39
[WARN]-[Thread: localhost-startStop-1]-[com.jfinal.core.paragetter.ParaProcessorBuilder.createParaGetter()]: you should add compiler flag -parameters to support parameter auto binding

2019-07-13 10:21:39
[WARN]-[Thread: localhost-startStop-1]-[com.jfinal.core.paragetter.ParaProcessorBuilder.createParaGetter()]: you should add compiler flag -parameters to support parameter auto binding

2019-07-13 10:21:39
[WARN]-[Thread: localhost-startStop-1]-[com.jfinal.core.paragetter.ParaProcessorBuilder.createParaGetter()]: you should add compiler flag -parameters to support parameter auto binding

2019-07-13 10:21:39
[WARN]-[Thread: localhost-startStop-1]-[com.jfinal.core.paragetter.ParaProcessorBuilder.createParaGetter()]: you should add compiler flag -parameters to support parameter auto binding

2019-07-13 10:21:39
[WARN]-[Thread: localhost-startStop-1]-[com.jfinal.core.paragetter.ParaProcessorBuilder.createParaGetter()]: you should add compiler flag -parameters to support parameter auto binding

2019-07-13 10:21:39
[WARN]-[Thread: localhost-startStop-1]-[com.jfinal.core.paragetter.ParaProcessorBuilder.createParaGetter()]: you should add compiler flag -parameters to support parameter auto binding

2019-07-13 10:21:39
[WARN]-[Thread: localhost-startStop-1]-[com.jfinal.core.paragetter.ParaProcessorBuilder.createParaGetter()]: you should add compiler flag -parameters to support parameter auto binding

2019-07-13 10:21:39
[WARN]-[Thread: localhost-startStop-1]-[com.jfinal.core.paragetter.ParaProcessorBuilder.createParaGetter()]: you should add compiler flag -parameters to support parameter auto binding

2019-07-13 10:21:39
[WARN]-[Thread: localhost-startStop-1]-[com.jfinal.core.paragetter.ParaProcessorBuilder.createParaGetter()]: you should add compiler flag -parameters to support parameter auto binding

2019-07-13 10:21:39
[WARN]-[Thread: localhost-startStop-1]-[com.jfinal.core.paragetter.ParaProcessorBuilder.createParaGetter()]: you should add compiler flag -parameters to support parameter auto binding

2019-07-13 10:21:39
[WARN]-[Thread: localhost-startStop-1]-[com.jfinal.core.paragetter.ParaProcessorBuilder.createParaGetter()]: you should add compiler flag -parameters to support parameter auto binding

2019-07-13 10:21:39
[WARN]-[Thread: localhost-startStop-1]-[com.jfinal.core.paragetter.ParaProcessorBuilder.createParaGetter()]: you should add compiler flag -parameters to support parameter auto binding

2019-07-13 10:21:39
[WARN]-[Thread: localhost-startStop-1]-[com.jfinal.core.paragetter.ParaProcessorBuilder.createParaGetter()]: you should add compiler flag -parameters to support parameter auto binding

2019-07-13 10:21:39
[WARN]-[Thread: localhost-startStop-1]-[com.jfinal.core.paragetter.ParaProcessorBuilder.createParaGetter()]: you should add compiler flag -parameters to support parameter auto binding

2019-07-13 10:21:39
[WARN]-[Thread: localhost-startStop-1]-[com.jfinal.core.paragetter.ParaProcessorBuilder.createParaGetter()]: you should add compiler flag -parameters to support parameter auto binding

2019-07-13 10:21:39
[WARN]-[Thread: localhost-startStop-1]-[com.jfinal.core.paragetter.ParaProcessorBuilder.createParaGetter()]: you should add compiler flag -parameters to support parameter auto binding

2019-07-13 10:21:39
[WARN]-[Thread: localhost-startStop-1]-[com.jfinal.core.paragetter.ParaProcessorBuilder.createParaGetter()]: you should add compiler flag -parameters to support parameter auto binding

2019-07-13 10:21:39
[WARN]-[Thread: localhost-startStop-1]-[com.jfinal.core.paragetter.ParaProcessorBuilder.createParaGetter()]: you should add compiler flag -parameters to support parameter auto binding

2019-07-13 10:21:39
[WARN]-[Thread: localhost-startStop-1]-[com.jfinal.core.paragetter.ParaProcessorBuilder.createParaGetter()]: you should add compiler flag -parameters to support parameter auto binding

2019-07-13 10:21:39
[WARN]-[Thread: localhost-startStop-1]-[com.jfinal.core.paragetter.ParaProcessorBuilder.createParaGetter()]: you should add compiler flag -parameters to support parameter auto binding

2019-07-13 10:21:39
[WARN]-[Thread: localhost-startStop-1]-[com.jfinal.core.paragetter.ParaProcessorBuilder.createParaGetter()]: you should add compiler flag -parameters to support parameter auto binding

2019-07-13 10:21:39
[WARN]-[Thread: localhost-startStop-1]-[com.jfinal.core.paragetter.ParaProcessorBuilder.createParaGetter()]: you should add compiler flag -parameters to support parameter auto binding

2019-07-13 10:21:39
[WARN]-[Thread: localhost-startStop-1]-[com.jfinal.core.paragetter.ParaProcessorBuilder.createParaGetter()]: you should add compiler flag -parameters to support parameter auto binding

2019-07-13 10:21:39
[WARN]-[Thread: localhost-startStop-1]-[com.jfinal.core.paragetter.ParaProcessorBuilder.createParaGetter()]: you should add compiler flag -parameters to support parameter auto binding

2019-07-13 10:21:39
[WARN]-[Thread: localhost-startStop-1]-[com.jfinal.core.paragetter.ParaProcessorBuilder.createParaGetter()]: you should add compiler flag -parameters to support parameter auto binding

2019-07-13 10:21:39
[WARN]-[Thread: localhost-startStop-1]-[com.jfinal.core.paragetter.ParaProcessorBuilder.createParaGetter()]: you should add compiler flag -parameters to support parameter auto binding

2019-07-13 10:21:39
[WARN]-[Thread: localhost-startStop-1]-[com.jfinal.core.paragetter.ParaProcessorBuilder.createParaGetter()]: you should add compiler flag -parameters to support parameter auto binding

2019-07-13 10:21:39
[WARN]-[Thread: localhost-startStop-1]-[com.jfinal.core.paragetter.ParaProcessorBuilder.createParaGetter()]: you should add compiler flag -parameters to support parameter auto binding

2019-07-13 10:21:39
[WARN]-[Thread: localhost-startStop-1]-[com.jfinal.core.paragetter.ParaProcessorBuilder.createParaGetter()]: you should add compiler flag -parameters to support parameter auto binding

2019-07-13 10:21:39
[WARN]-[Thread: localhost-startStop-1]-[com.jfinal.core.paragetter.ParaProcessorBuilder.createParaGetter()]: you should add compiler flag -parameters to support parameter auto binding

2019-07-13 10:21:39
[WARN]-[Thread: localhost-startStop-1]-[com.jfinal.core.paragetter.ParaProcessorBuilder.createParaGetter()]: you should add compiler flag -parameters to support parameter auto binding

2019-07-13 10:21:39
[WARN]-[Thread: localhost-startStop-1]-[com.jfinal.core.paragetter.ParaProcessorBuilder.createParaGetter()]: you should add compiler flag -parameters to support parameter auto binding

2019-07-13 10:21:39
[WARN]-[Thread: localhost-startStop-1]-[com.jfinal.core.paragetter.ParaProcessorBuilder.createParaGetter()]: you should add compiler flag -parameters to support parameter auto binding

2019-07-13 10:21:39
[WARN]-[Thread: localhost-startStop-1]-[com.jfinal.core.paragetter.ParaProcessorBuilder.createParaGetter()]: you should add compiler flag -parameters to support parameter auto binding

2019-07-13 10:21:39
[WARN]-[Thread: localhost-startStop-1]-[com.jfinal.core.paragetter.ParaProcessorBuilder.createParaGetter()]: you should add compiler flag -parameters to support parameter auto binding

2019-07-13 10:21:39
[WARN]-[Thread: localhost-startStop-1]-[com.jfinal.core.paragetter.ParaProcessorBuilder.createParaGetter()]: you should add compiler flag -parameters to support parameter auto binding

2019-07-13 10:21:39
[WARN]-[Thread: localhost-startStop-1]-[com.jfinal.core.paragetter.ParaProcessorBuilder.createParaGetter()]: you should add compiler flag -parameters to support parameter auto binding

2019-07-13 10:21:39
[WARN]-[Thread: localhost-startStop-1]-[com.jfinal.core.paragetter.ParaProcessorBuilder.createParaGetter()]: you should add compiler flag -parameters to support parameter auto binding

2019-07-13 10:21:39
[WARN]-[Thread: localhost-startStop-1]-[com.jfinal.core.paragetter.ParaProcessorBuilder.createParaGetter()]: you should add compiler flag -parameters to support parameter auto binding

2019-07-13 10:21:39
[WARN]-[Thread: localhost-startStop-1]-[com.jfinal.core.paragetter.ParaProcessorBuilder.createParaGetter()]: you should add compiler flag -parameters to support parameter auto binding

2019-07-13 10:21:39
[WARN]-[Thread: localhost-startStop-1]-[com.jfinal.core.paragetter.ParaProcessorBuilder.createParaGetter()]: you should add compiler flag -parameters to support parameter auto binding

2019-07-13 10:21:39
[WARN]-[Thread: localhost-startStop-1]-[com.jfinal.core.paragetter.ParaProcessorBuilder.createParaGetter()]: you should add compiler flag -parameters to support parameter auto binding

2019-07-13 10:21:39
[WARN]-[Thread: localhost-startStop-1]-[com.jfinal.core.paragetter.ParaProcessorBuilder.createParaGetter()]: you should add compiler flag -parameters to support parameter auto binding

2019-07-13 10:21:39
[WARN]-[Thread: localhost-startStop-1]-[com.jfinal.core.paragetter.ParaProcessorBuilder.createParaGetter()]: you should add compiler flag -parameters to support parameter auto binding

2019-07-13 10:21:39
[WARN]-[Thread: localhost-startStop-1]-[com.jfinal.core.paragetter.ParaProcessorBuilder.createParaGetter()]: you should add compiler flag -parameters to support parameter auto binding

2019-07-13 10:21:39
[WARN]-[Thread: localhost-startStop-1]-[com.jfinal.core.paragetter.ParaProcessorBuilder.createParaGetter()]: you should add compiler flag -parameters to support parameter auto binding

2019-07-13 10:21:39
[WARN]-[Thread: localhost-startStop-1]-[com.jfinal.core.paragetter.ParaProcessorBuilder.createParaGetter()]: you should add compiler flag -parameters to support parameter auto binding

2019-07-13 10:21:39
[WARN]-[Thread: localhost-startStop-1]-[com.jfinal.core.paragetter.ParaProcessorBuilder.createParaGetter()]: you should add compiler flag -parameters to support parameter auto binding

2019-07-13 10:21:39
[WARN]-[Thread: localhost-startStop-1]-[com.jfinal.core.paragetter.ParaProcessorBuilder.createParaGetter()]: you should add compiler flag -parameters to support parameter auto binding

2019-07-13 10:21:39
[WARN]-[Thread: localhost-startStop-1]-[com.jfinal.core.paragetter.ParaProcessorBuilder.createParaGetter()]: you should add compiler flag -parameters to support parameter auto binding

2019-07-13 10:21:39
[WARN]-[Thread: localhost-startStop-1]-[com.jfinal.core.paragetter.ParaProcessorBuilder.createParaGetter()]: you should add compiler flag -parameters to support parameter auto binding

2019-07-13 10:21:39
[WARN]-[Thread: localhost-startStop-1]-[com.jfinal.core.paragetter.ParaProcessorBuilder.createParaGetter()]: you should add compiler flag -parameters to support parameter auto binding

2019-07-13 10:21:39
[WARN]-[Thread: localhost-startStop-1]-[com.jfinal.core.paragetter.ParaProcessorBuilder.createParaGetter()]: you should add compiler flag -parameters to support parameter auto binding

2019-07-13 10:21:39
[WARN]-[Thread: localhost-startStop-1]-[com.jfinal.core.paragetter.ParaProcessorBuilder.createParaGetter()]: you should add compiler flag -parameters to support parameter auto binding

2019-07-13 10:21:39
[WARN]-[Thread: localhost-startStop-1]-[com.jfinal.core.paragetter.ParaProcessorBuilder.createParaGetter()]: you should add compiler flag -parameters to support parameter auto binding

2019-07-13 10:21:39
[WARN]-[Thread: localhost-startStop-1]-[com.jfinal.core.paragetter.ParaProcessorBuilder.createParaGetter()]: you should add compiler flag -parameters to support parameter auto binding

2019-07-13 10:21:39
[WARN]-[Thread: localhost-startStop-1]-[com.jfinal.core.paragetter.ParaProcessorBuilder.createParaGetter()]: you should add compiler flag -parameters to support parameter auto binding

2019-07-13 10:21:39
[WARN]-[Thread: localhost-startStop-1]-[com.jfinal.core.paragetter.ParaProcessorBuilder.createParaGetter()]: you should add compiler flag -parameters to support parameter auto binding

2019-07-13 10:21:39
[WARN]-[Thread: localhost-startStop-1]-[com.jfinal.core.paragetter.ParaProcessorBuilder.createParaGetter()]: you should add compiler flag -parameters to support parameter auto binding

2019-07-13 10:21:39
[WARN]-[Thread: localhost-startStop-1]-[com.jfinal.core.paragetter.ParaProcessorBuilder.createParaGetter()]: you should add compiler flag -parameters to support parameter auto binding

2019-07-13 10:21:39
[WARN]-[Thread: localhost-startStop-1]-[com.jfinal.core.paragetter.ParaProcessorBuilder.createParaGetter()]: you should add compiler flag -parameters to support parameter auto binding

2019-07-13 10:21:39
[WARN]-[Thread: localhost-startStop-1]-[com.jfinal.core.paragetter.ParaProcessorBuilder.createParaGetter()]: you should add compiler flag -parameters to support parameter auto binding

2019-07-13 10:21:39
[WARN]-[Thread: localhost-startStop-1]-[com.jfinal.core.paragetter.ParaProcessorBuilder.createParaGetter()]: you should add compiler flag -parameters to support parameter auto binding

2019-07-13 10:21:39
[WARN]-[Thread: localhost-startStop-1]-[com.jfinal.core.paragetter.ParaProcessorBuilder.createParaGetter()]: you should add compiler flag -parameters to support parameter auto binding

2019-07-13 10:21:39
[WARN]-[Thread: localhost-startStop-1]-[com.jfinal.core.paragetter.ParaProcessorBuilder.createParaGetter()]: you should add compiler flag -parameters to support parameter auto binding

2019-07-13 10:21:39
[WARN]-[Thread: localhost-startStop-1]-[com.jfinal.core.paragetter.ParaProcessorBuilder.createParaGetter()]: you should add compiler flag -parameters to support parameter auto binding

2019-07-13 10:21:39
[WARN]-[Thread: localhost-startStop-1]-[com.jfinal.core.paragetter.ParaProcessorBuilder.createParaGetter()]: you should add compiler flag -parameters to support parameter auto binding

2019-07-13 10:21:39
[WARN]-[Thread: localhost-startStop-1]-[com.jfinal.core.paragetter.ParaProcessorBuilder.createParaGetter()]: you should add compiler flag -parameters to support parameter auto binding

2019-07-13 10:21:39
[WARN]-[Thread: localhost-startStop-1]-[com.jfinal.core.paragetter.ParaProcessorBuilder.createParaGetter()]: you should add compiler flag -parameters to support parameter auto binding

2019-07-13 10:21:39
[WARN]-[Thread: localhost-startStop-1]-[com.jfinal.core.paragetter.ParaProcessorBuilder.createParaGetter()]: you should add compiler flag -parameters to support parameter auto binding

2019-07-13 10:21:39
[WARN]-[Thread: localhost-startStop-1]-[com.jfinal.core.paragetter.ParaProcessorBuilder.createParaGetter()]: you should add compiler flag -parameters to support parameter auto binding

2019-07-13 10:21:39
[WARN]-[Thread: localhost-startStop-1]-[com.jfinal.core.paragetter.ParaProcessorBuilder.createParaGetter()]: you should add compiler flag -parameters to support parameter auto binding

2019-07-13 10:21:39
[WARN]-[Thread: localhost-startStop-1]-[com.jfinal.core.paragetter.ParaProcessorBuilder.createParaGetter()]: you should add compiler flag -parameters to support parameter auto binding

2019-07-13 10:21:39
[WARN]-[Thread: localhost-startStop-1]-[com.jfinal.core.paragetter.ParaProcessorBuilder.createParaGetter()]: you should add compiler flag -parameters to support parameter auto binding

2019-07-13 10:21:39
[WARN]-[Thread: localhost-startStop-1]-[com.jfinal.core.paragetter.ParaProcessorBuilder.createParaGetter()]: you should add compiler flag -parameters to support parameter auto binding

2019-07-13 10:21:39
[WARN]-[Thread: localhost-startStop-1]-[com.jfinal.core.paragetter.ParaProcessorBuilder.createParaGetter()]: you should add compiler flag -parameters to support parameter auto binding

2019-07-13 10:21:39
[WARN]-[Thread: localhost-startStop-1]-[com.jfinal.core.paragetter.ParaProcessorBuilder.createParaGetter()]: you should add compiler flag -parameters to support parameter auto binding

2019-07-13 10:21:39
[WARN]-[Thread: localhost-startStop-1]-[com.jfinal.core.paragetter.ParaProcessorBuilder.createParaGetter()]: you should add compiler flag -parameters to support parameter auto binding

2019-07-13 10:21:39
[WARN]-[Thread: localhost-startStop-1]-[com.jfinal.core.paragetter.ParaProcessorBuilder.createParaGetter()]: you should add compiler flag -parameters to support parameter auto binding

2019-07-13 10:21:39
[WARN]-[Thread: localhost-startStop-1]-[com.jfinal.core.paragetter.ParaProcessorBuilder.createParaGetter()]: you should add compiler flag -parameters to support parameter auto binding

2019-07-13 10:21:39
[WARN]-[Thread: localhost-startStop-1]-[com.jfinal.core.paragetter.ParaProcessorBuilder.createParaGetter()]: you should add compiler flag -parameters to support parameter auto binding

2019-07-13 10:21:39
[WARN]-[Thread: localhost-startStop-1]-[com.jfinal.core.paragetter.ParaProcessorBuilder.createParaGetter()]: you should add compiler flag -parameters to support parameter auto binding

2019-07-13 10:21:39
[WARN]-[Thread: localhost-startStop-1]-[com.jfinal.core.paragetter.ParaProcessorBuilder.createParaGetter()]: you should add compiler flag -parameters to support parameter auto binding

2019-07-13 10:21:39
[WARN]-[Thread: localhost-startStop-1]-[com.jfinal.core.paragetter.ParaProcessorBuilder.createParaGetter()]: you should add compiler flag -parameters to support parameter auto binding

2019-07-13 10:21:39
[WARN]-[Thread: localhost-startStop-1]-[com.jfinal.core.paragetter.ParaProcessorBuilder.createParaGetter()]: you should add compiler flag -parameters to support parameter auto binding

2019-07-13 10:21:39
[WARN]-[Thread: localhost-startStop-1]-[com.jfinal.core.paragetter.ParaProcessorBuilder.createParaGetter()]: you should add compiler flag -parameters to support parameter auto binding

2019-07-13 10:21:39
[WARN]-[Thread: localhost-startStop-1]-[com.jfinal.core.paragetter.ParaProcessorBuilder.createParaGetter()]: you should add compiler flag -parameters to support parameter auto binding

2019-07-13 10:21:39
[WARN]-[Thread: localhost-startStop-1]-[com.jfinal.core.paragetter.ParaProcessorBuilder.createParaGetter()]: you should add compiler flag -parameters to support parameter auto binding

2019-07-13 10:21:39
[WARN]-[Thread: localhost-startStop-1]-[com.jfinal.core.paragetter.ParaProcessorBuilder.createParaGetter()]: you should add compiler flag -parameters to support parameter auto binding

2019-07-13 10:21:39
[WARN]-[Thread: localhost-startStop-1]-[com.jfinal.core.paragetter.ParaProcessorBuilder.createParaGetter()]: you should add compiler flag -parameters to support parameter auto binding

2019-07-13 10:21:39
[WARN]-[Thread: localhost-startStop-1]-[com.jfinal.core.paragetter.ParaProcessorBuilder.createParaGetter()]: you should add compiler flag -parameters to support parameter auto binding

2019-07-13 10:21:39
[WARN]-[Thread: localhost-startStop-1]-[com.jfinal.core.paragetter.ParaProcessorBuilder.createParaGetter()]: you should add compiler flag -parameters to support parameter auto binding

2019-07-13 10:21:39
[WARN]-[Thread: localhost-startStop-1]-[com.jfinal.core.paragetter.ParaProcessorBuilder.createParaGetter()]: you should add compiler flag -parameters to support parameter auto binding

2019-07-13 10:21:39
[WARN]-[Thread: localhost-startStop-1]-[com.jfinal.core.paragetter.ParaProcessorBuilder.createParaGetter()]: you should add compiler flag -parameters to support parameter auto binding

2019-07-13 10:21:39
[WARN]-[Thread: localhost-startStop-1]-[com.jfinal.core.paragetter.ParaProcessorBuilder.createParaGetter()]: you should add compiler flag -parameters to support parameter auto binding

2019-07-13 10:21:39
[WARN]-[Thread: localhost-startStop-1]-[com.jfinal.core.paragetter.ParaProcessorBuilder.createParaGetter()]: you should add compiler flag -parameters to support parameter auto binding

2019-07-13 10:21:39
[WARN]-[Thread: localhost-startStop-1]-[com.jfinal.core.paragetter.ParaProcessorBuilder.createParaGetter()]: you should add compiler flag -parameters to support parameter auto binding

2019-07-13 10:21:39
[WARN]-[Thread: localhost-startStop-1]-[com.jfinal.core.paragetter.ParaProcessorBuilder.createParaGetter()]: you should add compiler flag -parameters to support parameter auto binding

2019-07-13 10:21:39
[WARN]-[Thread: localhost-startStop-1]-[com.jfinal.core.paragetter.ParaProcessorBuilder.createParaGetter()]: you should add compiler flag -parameters to support parameter auto binding

2019-07-13 10:21:39
[WARN]-[Thread: localhost-startStop-1]-[com.jfinal.core.paragetter.ParaProcessorBuilder.createParaGetter()]: you should add compiler flag -parameters to support parameter auto binding

2019-07-13 10:21:39
[WARN]-[Thread: localhost-startStop-1]-[com.jfinal.core.paragetter.ParaProcessorBuilder.createParaGetter()]: you should add compiler flag -parameters to support parameter auto binding

2019-07-13 10:21:39
[WARN]-[Thread: localhost-startStop-1]-[com.jfinal.core.paragetter.ParaProcessorBuilder.createParaGetter()]: you should add compiler flag -parameters to support parameter auto binding

2019-07-13 10:21:39
[WARN]-[Thread: localhost-startStop-1]-[com.jfinal.core.paragetter.ParaProcessorBuilder.createParaGetter()]: you should add compiler flag -parameters to support parameter auto binding

2019-07-13 10:21:39
[WARN]-[Thread: localhost-startStop-1]-[com.jfinal.core.paragetter.ParaProcessorBuilder.createParaGetter()]: you should add compiler flag -parameters to support parameter auto binding

2019-07-13 10:21:39
[WARN]-[Thread: localhost-startStop-1]-[com.jfinal.core.paragetter.ParaProcessorBuilder.createParaGetter()]: you should add compiler flag -parameters to support parameter auto binding

2019-07-13 10:21:39
[WARN]-[Thread: localhost-startStop-1]-[com.jfinal.core.paragetter.ParaProcessorBuilder.createParaGetter()]: you should add compiler flag -parameters to support parameter auto binding

2019-07-13 10:21:39
[WARN]-[Thread: localhost-startStop-1]-[com.jfinal.core.paragetter.ParaProcessorBuilder.createParaGetter()]: you should add compiler flag -parameters to support parameter auto binding

2019-07-13 10:21:39
[WARN]-[Thread: localhost-startStop-1]-[com.jfinal.core.paragetter.ParaProcessorBuilder.createParaGetter()]: you should add compiler flag -parameters to support parameter auto binding

2019-07-13 11:19:06
[ERROR]-[Thread: http-bio-80-exec-3]-[com.jimi.su.server.interceptor.ErrorLogInterceptor.intercept()]: AccessException:权限不足，请重新登录

2019-07-13 11:24:10
[ERROR]-[Thread: http-bio-80-exec-4]-[com.jimi.su.server.interceptor.ErrorLogInterceptor.intercept()]: AccessException:权限不足，请重新登录

2019-07-13 11:25:20
[ERROR]-[Thread: http-bio-80-exec-1]-[com.jimi.su.server.interceptor.ErrorLogInterceptor.intercept()]: OperationException:验证失败！

2019-07-13 15:36:31
[ERROR]-[Thread: http-bio-80-exec-2]-[com.jimi.su.server.interceptor.ErrorLogInterceptor.intercept()]: OperationException:发送邮件失败！

2019-07-13 17:45:24
[ERROR]-[Thread: http-bio-80-exec-1]-[com.jimi.su.server.interceptor.ErrorLogInterceptor.intercept()]: NullPointerException:服务器内部错误

2019-07-16 08:55:08
[ERROR]-[Thread: http-bio-80-exec-4]-[com.jfinal.core.ActionHandler.handle()]: /file/download?id=1
java.lang.NullPointerException
	at com.jimi.su.server.interceptor.FileDeleteInterceptor.intercept(FileDeleteInterceptor.java:17)
	at com.jfinal.aop.Invocation.invoke(Invocation.java:69)
	at com.jimi.su.server.interceptor.CORSInterceptor.intercept(CORSInterceptor.java:26)
	at com.jfinal.aop.Invocation.invoke(Invocation.java:69)
	at com.jfinal.core.ActionHandler.handle(ActionHandler.java:81)
	at com.jfinal.core.JFinalFilter.doFilter(JFinalFilter.java:86)
	at org.apache.catalina.core.ApplicationFilterChain.internalDoFilter(ApplicationFilterChain.java:243)
	at org.apache.catalina.core.ApplicationFilterChain.doFilter(ApplicationFilterChain.java:210)
	at org.apache.catalina.core.StandardWrapperValve.invoke(StandardWrapperValve.java:222)
	at org.apache.catalina.core.StandardContextValve.invoke(StandardContextValve.java:123)
	at org.apache.catalina.authenticator.AuthenticatorBase.invoke(AuthenticatorBase.java:502)
	at org.apache.catalina.core.StandardHostValve.invoke(StandardHostValve.java:171)
	at org.apache.catalina.valves.ErrorReportValve.invoke(ErrorReportValve.java:100)
	at org.apache.catalina.valves.AccessLogValve.invoke(AccessLogValve.java:953)
	at org.apache.catalina.core.StandardEngineValve.invoke(StandardEngineValve.java:118)
	at org.apache.catalina.connector.CoyoteAdapter.service(CoyoteAdapter.java:408)
	at org.apache.coyote.http11.AbstractHttp11Processor.process(AbstractHttp11Processor.java:1041)
	at org.apache.coyote.AbstractProtocol$AbstractConnectionHandler.process(AbstractProtocol.java:603)
	at org.apache.tomcat.util.net.JIoEndpoint$SocketProcessor.run(JIoEndpoint.java:310)
	at java.util.concurrent.ThreadPoolExecutor.runWorker(Unknown Source)
	at java.util.concurrent.ThreadPoolExecutor$Worker.run(Unknown Source)
	at java.lang.Thread.run(Unknown Source)

2019-07-16 08:56:16
[ERROR]-[Thread: http-bio-80-exec-1]-[com.jfinal.core.ActionHandler.handle()]: /file/download/1
java.lang.NullPointerException
	at com.jimi.su.server.interceptor.FileDeleteInterceptor.intercept(FileDeleteInterceptor.java:17)
	at com.jfinal.aop.Invocation.invoke(Invocation.java:69)
	at com.jimi.su.server.interceptor.CORSInterceptor.intercept(CORSInterceptor.java:26)
	at com.jfinal.aop.Invocation.invoke(Invocation.java:69)
	at com.jfinal.core.ActionHandler.handle(ActionHandler.java:81)
	at com.jfinal.core.JFinalFilter.doFilter(JFinalFilter.java:86)
	at org.apache.catalina.core.ApplicationFilterChain.internalDoFilter(ApplicationFilterChain.java:243)
	at org.apache.catalina.core.ApplicationFilterChain.doFilter(ApplicationFilterChain.java:210)
	at org.apache.catalina.core.StandardWrapperValve.invoke(StandardWrapperValve.java:222)
	at org.apache.catalina.core.StandardContextValve.invoke(StandardContextValve.java:123)
	at org.apache.catalina.authenticator.AuthenticatorBase.invoke(AuthenticatorBase.java:502)
	at org.apache.catalina.core.StandardHostValve.invoke(StandardHostValve.java:171)
	at org.apache.catalina.valves.ErrorReportValve.invoke(ErrorReportValve.java:100)
	at org.apache.catalina.valves.AccessLogValve.invoke(AccessLogValve.java:953)
	at org.apache.catalina.core.StandardEngineValve.invoke(StandardEngineValve.java:118)
	at org.apache.catalina.connector.CoyoteAdapter.service(CoyoteAdapter.java:408)
	at org.apache.coyote.http11.AbstractHttp11Processor.process(AbstractHttp11Processor.java:1041)
	at org.apache.coyote.AbstractProtocol$AbstractConnectionHandler.process(AbstractProtocol.java:603)
	at org.apache.tomcat.util.net.JIoEndpoint$SocketProcessor.run(JIoEndpoint.java:310)
	at java.util.concurrent.ThreadPoolExecutor.runWorker(Unknown Source)
	at java.util.concurrent.ThreadPoolExecutor$Worker.run(Unknown Source)
	at java.lang.Thread.run(Unknown Source)

2019-07-16 09:12:29
[ERROR]-[Thread: http-bio-80-exec-1]-[com.jimi.su.server.interceptor.ErrorLogInterceptor.intercept()]: OperationException:文件不存在

2019-07-16 17:41:28
[ERROR]-[Thread: http-bio-80-exec-1]-[com.jimi.su.server.interceptor.ErrorLogInterceptor.intercept()]: ParameterException:时间日期格式有误

2019-07-16 17:41:33
[ERROR]-[Thread: http-bio-80-exec-2]-[com.jimi.su.server.interceptor.ErrorLogInterceptor.intercept()]: ParameterException:时间日期格式有误

2019-07-16 17:43:14
[ERROR]-[Thread: http-bio-80-exec-1]-[com.jimi.su.server.interceptor.ErrorLogInterceptor.intercept()]: ParameterException:时间日期格式有误

2019-07-16 17:43:15
[ERROR]-[Thread: http-bio-80-exec-2]-[com.jimi.su.server.interceptor.ErrorLogInterceptor.intercept()]: ParameterException:时间日期格式有误

2019-07-16 17:44:14
[ERROR]-[Thread: http-bio-80-exec-1]-[com.jimi.su.server.interceptor.ErrorLogInterceptor.intercept()]: ActiveRecordException:服务器内部错误

2019-07-16 17:44:19
[ERROR]-[Thread: http-bio-80-exec-2]-[com.jimi.su.server.interceptor.ErrorLogInterceptor.intercept()]: ActiveRecordException:服务器内部错误

2019-07-16 17:55:53
[ERROR]-[Thread: http-bio-80-exec-8]-[com.jimi.su.server.interceptor.ErrorLogInterceptor.intercept()]: OperationException:参数不能为空

2019-07-17 08:54:40
[ERROR]-[Thread: http-bio-80-exec-6]-[com.jimi.su.server.interceptor.ErrorLogInterceptor.intercept()]: ActiveRecordException:服务器内部错误

2019-07-17 09:00:56
[ERROR]-[Thread: http-bio-80-exec-1]-[com.jimi.su.server.interceptor.ErrorLogInterceptor.intercept()]: ActiveRecordException:服务器内部错误

2019-07-17 09:02:36
[ERROR]-[Thread: http-bio-80-exec-1]-[com.jimi.su.server.interceptor.ErrorLogInterceptor.intercept()]: ParameterException:请输入正确的邮箱地址

2019-07-17 09:03:05
[ERROR]-[Thread: http-bio-80-exec-2]-[com.jimi.su.server.interceptor.ErrorLogInterceptor.intercept()]: ParameterException:请输入正确的邮箱地址

2019-07-17 09:05:09
[ERROR]-[Thread: http-bio-80-exec-4]-[com.jimi.su.server.interceptor.ErrorLogInterceptor.intercept()]: OperationException:邮箱已存在!!!

2019-07-17 09:30:32
[ERROR]-[Thread: http-bio-80-exec-1]-[com.jimi.su.server.interceptor.ErrorLogInterceptor.intercept()]: NullPointerException:服务器内部错误

2019-07-17 09:31:57
[ERROR]-[Thread: http-bio-80-exec-1]-[com.jimi.su.server.interceptor.ErrorLogInterceptor.intercept()]: NullPointerException:服务器内部错误

2019-07-17 09:34:32
[ERROR]-[Thread: http-bio-80-exec-1]-[com.jimi.su.server.interceptor.ErrorLogInterceptor.intercept()]: NullPointerException:服务器内部错误

2019-07-17 09:35:11
[ERROR]-[Thread: http-bio-80-exec-1]-[com.jimi.su.server.interceptor.ErrorLogInterceptor.intercept()]: NullPointerException:服务器内部错误

2019-07-17 09:36:09
[ERROR]-[Thread: http-bio-80-exec-1]-[com.jimi.su.server.interceptor.ErrorLogInterceptor.intercept()]: NullPointerException:服务器内部错误

2019-07-17 09:37:58
[ERROR]-[Thread: http-bio-80-exec-1]-[com.jimi.su.server.interceptor.ErrorLogInterceptor.intercept()]: NullPointerException:服务器内部错误

2019-07-17 09:38:50
[ERROR]-[Thread: http-bio-80-exec-1]-[com.jimi.su.server.interceptor.ErrorLogInterceptor.intercept()]: NullPointerException:服务器内部错误

2019-07-17 09:40:59
[ERROR]-[Thread: http-bio-80-exec-1]-[com.jimi.su.server.interceptor.ErrorLogInterceptor.intercept()]: NullPointerException:服务器内部错误

2019-07-17 09:42:28
[ERROR]-[Thread: http-bio-80-exec-1]-[com.jimi.su.server.interceptor.ErrorLogInterceptor.intercept()]: NullPointerException:服务器内部错误

2019-07-17 09:43:50
[ERROR]-[Thread: http-bio-80-exec-1]-[com.jimi.su.server.interceptor.ErrorLogInterceptor.intercept()]: NullPointerException:服务器内部错误

2019-07-17 09:44:57
[ERROR]-[Thread: http-bio-80-exec-1]-[com.jimi.su.server.interceptor.ErrorLogInterceptor.intercept()]: NullPointerException:服务器内部错误

2019-07-17 09:45:55
[ERROR]-[Thread: http-bio-80-exec-1]-[com.jimi.su.server.interceptor.ErrorLogInterceptor.intercept()]: NullPointerException:服务器内部错误

2019-07-17 09:58:06
[ERROR]-[Thread: http-bio-80-exec-1]-[com.jimi.su.server.interceptor.ErrorLogInterceptor.intercept()]: NullPointerException:服务器内部错误

2019-07-17 09:59:50
[ERROR]-[Thread: http-bio-80-exec-2]-[com.jimi.su.server.interceptor.ErrorLogInterceptor.intercept()]: ParameterException:邮箱已存在，不可重复添加!!!

2019-07-17 10:10:01
[ERROR]-[Thread: http-bio-80-exec-1]-[com.jimi.su.server.interceptor.ErrorLogInterceptor.intercept()]: ParameterException:some tables are not readabled

2019-07-17 10:10:20
[ERROR]-[Thread: http-bio-80-exec-2]-[com.jimi.su.server.interceptor.ErrorLogInterceptor.intercept()]: ParameterException:some tables are not readabled

2019-07-17 10:11:32
[ERROR]-[Thread: http-bio-80-exec-3]-[com.jimi.su.server.interceptor.ErrorLogInterceptor.intercept()]: ParameterException:some tables are not readabled

2019-07-17 10:23:16
[ERROR]-[Thread: http-bio-80-exec-4]-[com.jimi.su.server.interceptor.ErrorLogInterceptor.intercept()]: ParameterException:some tables are not readabled

2019-07-17 14:20:45
[ERROR]-[Thread: http-bio-80-exec-1]-[com.jimi.su.server.interceptor.ErrorLogInterceptor.intercept()]: ParameterException:some tables are not readabled

2019-07-17 14:37:38
[ERROR]-[Thread: http-bio-80-exec-1]-[com.jimi.su.server.interceptor.ErrorLogInterceptor.intercept()]: ActiveRecordException:服务器内部错误

2019-07-17 15:18:17
[ERROR]-[Thread: http-bio-80-exec-1]-[com.jimi.su.server.interceptor.ErrorLogInterceptor.intercept()]: ActiveRecordException:服务器内部错误

2019-07-17 15:29:52
[ERROR]-[Thread: http-bio-80-exec-1]-[com.jimi.su.server.interceptor.ErrorLogInterceptor.intercept()]: OperationException:组织归属已存在!!!

2019-07-17 15:36:47
[WARN]-[Thread: http-bio-80-exec-4]-[com.jfinal.core.ActionHandler.handle()]: 404 Action Not Found: /userselectOrganization

2019-07-17 15:36:55
[ERROR]-[Thread: http-bio-80-exec-5]-[com.jimi.su.server.interceptor.ErrorLogInterceptor.intercept()]: ActiveRecordException:服务器内部错误

2019-07-17 15:38:01
[ERROR]-[Thread: http-bio-80-exec-1]-[com.jimi.su.server.interceptor.ErrorLogInterceptor.intercept()]: ActiveRecordException:服务器内部错误

2019-07-17 15:38:03
[ERROR]-[Thread: http-bio-80-exec-2]-[com.jimi.su.server.interceptor.ErrorLogInterceptor.intercept()]: ActiveRecordException:服务器内部错误

2019-07-17 15:54:21
[WARN]-[Thread: http-bio-80-exec-4]-[com.jfinal.core.ActionHandler.handle()]: 404 Action Not Found: /file/isUpdateLog

2019-07-17 16:22:05
[ERROR]-[Thread: http-bio-80-exec-6]-[com.jimi.su.server.interceptor.ErrorLogInterceptor.intercept()]: OperationException:验证失败！

2019-07-18 08:49:39
[ERROR]-[Thread: http-bio-80-exec-8]-[com.jimi.su.server.interceptor.ErrorLogInterceptor.intercept()]: OperationException:参数不能为空

2019-07-18 08:51:53
[ERROR]-[Thread: http-bio-80-exec-9]-[com.jimi.su.server.interceptor.ErrorLogInterceptor.intercept()]: OperationException:md5值不能为空

2019-07-18 08:52:52
[ERROR]-[Thread: http-bio-80-exec-10]-[com.jfinal.core.ActionHandler.handle()]: /file/upload
java.lang.RuntimeException: java.io.IOException: Posted content type isn't multipart/form-data
	at com.jfinal.upload.MultipartRequest.wrapMultipartRequest(MultipartRequest.java:126)
	at com.jfinal.upload.MultipartRequest.<init>(MultipartRequest.java:68)
	at com.jfinal.core.Controller.getFiles(Controller.java:855)
	at com.jfinal.core.Controller.getFile(Controller.java:865)
	at com.jfinal.core.paragetter.UploadFileGetter.get(UploadFileGetter.java:34)
	at com.jfinal.core.paragetter.UploadFileGetter.get(UploadFileGetter.java:22)
	at com.jfinal.core.paragetter.ParaProcessor.get(ParaProcessor.java:57)
	at com.jfinal.aop.Invocation.<init>(Invocation.java:55)
	at com.jfinal.core.ActionHandler.handle(ActionHandler.java:81)
	at com.jfinal.core.JFinalFilter.doFilter(JFinalFilter.java:86)
	at org.apache.catalina.core.ApplicationFilterChain.internalDoFilter(ApplicationFilterChain.java:243)
	at org.apache.catalina.core.ApplicationFilterChain.doFilter(ApplicationFilterChain.java:210)
	at org.apache.catalina.core.StandardWrapperValve.invoke(StandardWrapperValve.java:222)
	at org.apache.catalina.core.StandardContextValve.invoke(StandardContextValve.java:123)
	at org.apache.catalina.authenticator.AuthenticatorBase.invoke(AuthenticatorBase.java:502)
	at org.apache.catalina.core.StandardHostValve.invoke(StandardHostValve.java:171)
	at org.apache.catalina.valves.ErrorReportValve.invoke(ErrorReportValve.java:100)
	at org.apache.catalina.valves.AccessLogValve.invoke(AccessLogValve.java:953)
	at org.apache.catalina.core.StandardEngineValve.invoke(StandardEngineValve.java:118)
	at org.apache.catalina.connector.CoyoteAdapter.service(CoyoteAdapter.java:408)
	at org.apache.coyote.http11.AbstractHttp11Processor.process(AbstractHttp11Processor.java:1041)
	at org.apache.coyote.AbstractProtocol$AbstractConnectionHandler.process(AbstractProtocol.java:603)
	at org.apache.tomcat.util.net.JIoEndpoint$SocketProcessor.run(JIoEndpoint.java:310)
	at java.util.concurrent.ThreadPoolExecutor.runWorker(Unknown Source)
	at java.util.concurrent.ThreadPoolExecutor$Worker.run(Unknown Source)
	at java.lang.Thread.run(Unknown Source)
Caused by: java.io.IOException: Posted content type isn't multipart/form-data
	at com.oreilly.servlet.multipart.MultipartParser.<init>(MultipartParser.java:168)
	at com.oreilly.servlet.MultipartRequest.<init>(MultipartRequest.java:224)
	at com.jfinal.upload.MultipartRequest.wrapMultipartRequest(MultipartRequest.java:107)
	... 25 more

2019-07-18 08:53:35
[ERROR]-[Thread: http-bio-80-exec-1]-[com.jimi.su.server.interceptor.ErrorLogInterceptor.intercept()]: OperationException:md5值不能为空

2019-07-18 08:54:33
[ERROR]-[Thread: http-bio-80-exec-2]-[com.jimi.su.server.interceptor.ErrorLogInterceptor.intercept()]: OperationException:md5值不能为空

2019-07-18 08:55:32
[ERROR]-[Thread: http-bio-80-exec-1]-[com.jimi.su.server.interceptor.ErrorLogInterceptor.intercept()]: OperationException:日期格式不正确

2019-07-18 08:55:48
[ERROR]-[Thread: http-bio-80-exec-2]-[com.jimi.su.server.interceptor.ErrorLogInterceptor.intercept()]: OperationException:日期格式不正确

2019-07-18 08:57:05
[ERROR]-[Thread: http-bio-80-exec-3]-[com.jfinal.core.ActionHandler.handle()]: /file/upload
java.lang.RuntimeException: java.io.IOException: Posted content type isn't multipart/form-data
	at com.jfinal.upload.MultipartRequest.wrapMultipartRequest(MultipartRequest.java:126)
	at com.jfinal.upload.MultipartRequest.<init>(MultipartRequest.java:68)
	at com.jfinal.core.Controller.getFiles(Controller.java:855)
	at com.jfinal.core.Controller.getFile(Controller.java:865)
	at com.jfinal.core.paragetter.UploadFileGetter.get(UploadFileGetter.java:34)
	at com.jfinal.core.paragetter.UploadFileGetter.get(UploadFileGetter.java:22)
	at com.jfinal.core.paragetter.ParaProcessor.get(ParaProcessor.java:57)
	at com.jfinal.aop.Invocation.<init>(Invocation.java:55)
	at com.jfinal.core.ActionHandler.handle(ActionHandler.java:81)
	at com.jfinal.core.JFinalFilter.doFilter(JFinalFilter.java:86)
	at org.apache.catalina.core.ApplicationFilterChain.internalDoFilter(ApplicationFilterChain.java:243)
	at org.apache.catalina.core.ApplicationFilterChain.doFilter(ApplicationFilterChain.java:210)
	at org.apache.catalina.core.StandardWrapperValve.invoke(StandardWrapperValve.java:222)
	at org.apache.catalina.core.StandardContextValve.invoke(StandardContextValve.java:123)
	at org.apache.catalina.authenticator.AuthenticatorBase.invoke(AuthenticatorBase.java:502)
	at org.apache.catalina.core.StandardHostValve.invoke(StandardHostValve.java:171)
	at org.apache.catalina.valves.ErrorReportValve.invoke(ErrorReportValve.java:100)
	at org.apache.catalina.valves.AccessLogValve.invoke(AccessLogValve.java:953)
	at org.apache.catalina.core.StandardEngineValve.invoke(StandardEngineValve.java:118)
	at org.apache.catalina.connector.CoyoteAdapter.service(CoyoteAdapter.java:408)
	at org.apache.coyote.http11.AbstractHttp11Processor.process(AbstractHttp11Processor.java:1041)
	at org.apache.coyote.AbstractProtocol$AbstractConnectionHandler.process(AbstractProtocol.java:603)
	at org.apache.tomcat.util.net.JIoEndpoint$SocketProcessor.run(JIoEndpoint.java:310)
	at java.util.concurrent.ThreadPoolExecutor.runWorker(Unknown Source)
	at java.util.concurrent.ThreadPoolExecutor$Worker.run(Unknown Source)
	at java.lang.Thread.run(Unknown Source)
Caused by: java.io.IOException: Posted content type isn't multipart/form-data
	at com.oreilly.servlet.multipart.MultipartParser.<init>(MultipartParser.java:168)
	at com.oreilly.servlet.MultipartRequest.<init>(MultipartRequest.java:224)
	at com.jfinal.upload.MultipartRequest.wrapMultipartRequest(MultipartRequest.java:107)
	... 25 more

2019-07-18 08:57:59
[ERROR]-[Thread: http-bio-80-exec-1]-[com.jfinal.core.ActionHandler.handle()]: /file/upload
java.lang.RuntimeException: java.io.IOException: Posted content type isn't multipart/form-data
	at com.jfinal.upload.MultipartRequest.wrapMultipartRequest(MultipartRequest.java:126)
	at com.jfinal.upload.MultipartRequest.<init>(MultipartRequest.java:68)
	at com.jfinal.core.Controller.getFiles(Controller.java:855)
	at com.jfinal.core.Controller.getFile(Controller.java:865)
	at com.jfinal.core.paragetter.UploadFileGetter.get(UploadFileGetter.java:34)
	at com.jfinal.core.paragetter.UploadFileGetter.get(UploadFileGetter.java:22)
	at com.jfinal.core.paragetter.ParaProcessor.get(ParaProcessor.java:57)
	at com.jfinal.aop.Invocation.<init>(Invocation.java:55)
	at com.jfinal.core.ActionHandler.handle(ActionHandler.java:81)
	at com.jfinal.core.JFinalFilter.doFilter(JFinalFilter.java:86)
	at org.apache.catalina.core.ApplicationFilterChain.internalDoFilter(ApplicationFilterChain.java:243)
	at org.apache.catalina.core.ApplicationFilterChain.doFilter(ApplicationFilterChain.java:210)
	at org.apache.catalina.core.StandardWrapperValve.invoke(StandardWrapperValve.java:222)
	at org.apache.catalina.core.StandardContextValve.invoke(StandardContextValve.java:123)
	at org.apache.catalina.authenticator.AuthenticatorBase.invoke(AuthenticatorBase.java:502)
	at org.apache.catalina.core.StandardHostValve.invoke(StandardHostValve.java:171)
	at org.apache.catalina.valves.ErrorReportValve.invoke(ErrorReportValve.java:100)
	at org.apache.catalina.valves.AccessLogValve.invoke(AccessLogValve.java:953)
	at org.apache.catalina.core.StandardEngineValve.invoke(StandardEngineValve.java:118)
	at org.apache.catalina.connector.CoyoteAdapter.service(CoyoteAdapter.java:408)
	at org.apache.coyote.http11.AbstractHttp11Processor.process(AbstractHttp11Processor.java:1041)
	at org.apache.coyote.AbstractProtocol$AbstractConnectionHandler.process(AbstractProtocol.java:603)
	at org.apache.tomcat.util.net.JIoEndpoint$SocketProcessor.run(JIoEndpoint.java:310)
	at java.util.concurrent.ThreadPoolExecutor.runWorker(Unknown Source)
	at java.util.concurrent.ThreadPoolExecutor$Worker.run(Unknown Source)
	at java.lang.Thread.run(Unknown Source)
Caused by: java.io.IOException: Posted content type isn't multipart/form-data
	at com.oreilly.servlet.multipart.MultipartParser.<init>(MultipartParser.java:168)
	at com.oreilly.servlet.MultipartRequest.<init>(MultipartRequest.java:224)
	at com.jfinal.upload.MultipartRequest.wrapMultipartRequest(MultipartRequest.java:107)
	... 25 more

2019-07-18 08:58:44
[ERROR]-[Thread: http-bio-80-exec-1]-[com.jimi.su.server.interceptor.ErrorLogInterceptor.intercept()]: OperationException:日期格式不正确

2019-07-18 08:59:01
[ERROR]-[Thread: http-bio-80-exec-2]-[com.jimi.su.server.interceptor.ErrorLogInterceptor.intercept()]: ParameterException:校验失败！

2019-07-18 08:59:54
[ERROR]-[Thread: http-bio-80-exec-1]-[com.jimi.su.server.interceptor.ErrorLogInterceptor.intercept()]: ParameterException:校验失败！

2019-07-18 09:09:45
[ERROR]-[Thread: http-bio-80-exec-1]-[com.jimi.su.server.interceptor.ErrorLogInterceptor.intercept()]: ParameterException:校验失败！

2019-07-18 09:10:50
[ERROR]-[Thread: http-bio-80-exec-1]-[com.jimi.su.server.interceptor.ErrorLogInterceptor.intercept()]: ParameterException:校验失败！

2019-07-18 09:12:36
[ERROR]-[Thread: http-bio-80-exec-1]-[com.jimi.su.server.interceptor.ErrorLogInterceptor.intercept()]: ParameterException:校验失败！

2019-07-18 09:17:56
[ERROR]-[Thread: http-bio-80-exec-2]-[com.jimi.su.server.interceptor.ErrorLogInterceptor.intercept()]: OperationException:文件不存在

2019-07-18 09:20:00
[ERROR]-[Thread: http-bio-80-exec-5]-[com.jimi.su.server.interceptor.ErrorLogInterceptor.intercept()]: OperationException:文件不存在

2019-07-18 09:23:27
[ERROR]-[Thread: http-bio-80-exec-1]-[com.jimi.su.server.interceptor.ErrorLogInterceptor.intercept()]: OperationException:参数不能为空

2019-07-18 09:44:00
[ERROR]-[Thread: http-bio-80-exec-1]-[com.jfinal.core.ActionHandler.handle()]: /file/upload
java.lang.RuntimeException: java.io.IOException: Posted content type isn't multipart/form-data
	at com.jfinal.upload.MultipartRequest.wrapMultipartRequest(MultipartRequest.java:126)
	at com.jfinal.upload.MultipartRequest.<init>(MultipartRequest.java:68)
	at com.jfinal.core.Controller.getFiles(Controller.java:855)
	at com.jfinal.core.Controller.getFile(Controller.java:865)
	at com.jfinal.core.paragetter.UploadFileGetter.get(UploadFileGetter.java:34)
	at com.jfinal.core.paragetter.UploadFileGetter.get(UploadFileGetter.java:22)
	at com.jfinal.core.paragetter.ParaProcessor.get(ParaProcessor.java:57)
	at com.jfinal.aop.Invocation.<init>(Invocation.java:55)
	at com.jfinal.core.ActionHandler.handle(ActionHandler.java:81)
	at com.jfinal.core.JFinalFilter.doFilter(JFinalFilter.java:86)
	at org.apache.catalina.core.ApplicationFilterChain.internalDoFilter(ApplicationFilterChain.java:243)
	at org.apache.catalina.core.ApplicationFilterChain.doFilter(ApplicationFilterChain.java:210)
	at org.apache.catalina.core.StandardWrapperValve.invoke(StandardWrapperValve.java:222)
	at org.apache.catalina.core.StandardContextValve.invoke(StandardContextValve.java:123)
	at org.apache.catalina.authenticator.AuthenticatorBase.invoke(AuthenticatorBase.java:502)
	at org.apache.catalina.core.StandardHostValve.invoke(StandardHostValve.java:171)
	at org.apache.catalina.valves.ErrorReportValve.invoke(ErrorReportValve.java:100)
	at org.apache.catalina.valves.AccessLogValve.invoke(AccessLogValve.java:953)
	at org.apache.catalina.core.StandardEngineValve.invoke(StandardEngineValve.java:118)
	at org.apache.catalina.connector.CoyoteAdapter.service(CoyoteAdapter.java:408)
	at org.apache.coyote.http11.AbstractHttp11Processor.process(AbstractHttp11Processor.java:1041)
	at org.apache.coyote.AbstractProtocol$AbstractConnectionHandler.process(AbstractProtocol.java:603)
	at org.apache.tomcat.util.net.JIoEndpoint$SocketProcessor.run(JIoEndpoint.java:310)
	at java.util.concurrent.ThreadPoolExecutor.runWorker(Unknown Source)
	at java.util.concurrent.ThreadPoolExecutor$Worker.run(Unknown Source)
	at java.lang.Thread.run(Unknown Source)
Caused by: java.io.IOException: Posted content type isn't multipart/form-data
	at com.oreilly.servlet.multipart.MultipartParser.<init>(MultipartParser.java:168)
	at com.oreilly.servlet.MultipartRequest.<init>(MultipartRequest.java:224)
	at com.jfinal.upload.MultipartRequest.wrapMultipartRequest(MultipartRequest.java:107)
	... 25 more

2019-07-18 09:50:09
[ERROR]-[Thread: http-bio-80-exec-1]-[com.jimi.su.server.interceptor.ErrorLogInterceptor.intercept()]: NullPointerException:服务器内部错误

2019-07-18 10:22:35
[ERROR]-[Thread: http-bio-80-exec-1]-[com.jimi.su.server.interceptor.ErrorLogInterceptor.intercept()]: ParameterException:some tables are not readabled

2019-07-18 10:25:31
[ERROR]-[Thread: http-bio-80-exec-1]-[com.jimi.su.server.interceptor.ErrorLogInterceptor.intercept()]: ParameterException:some tables are not readabled

2019-07-18 10:27:18
[ERROR]-[Thread: http-bio-80-exec-2]-[com.jimi.su.server.interceptor.ErrorLogInterceptor.intercept()]: ParameterException:some tables are not readabled

2019-07-18 10:28:32
[ERROR]-[Thread: http-bio-80-exec-3]-[com.jimi.su.server.interceptor.ErrorLogInterceptor.intercept()]: ParameterException:some tables are not readabled

2019-07-18 10:29:19
[ERROR]-[Thread: http-bio-80-exec-1]-[com.jimi.su.server.interceptor.ErrorLogInterceptor.intercept()]: ParameterException:some tables are not readabled

2019-07-18 10:29:22
[ERROR]-[Thread: http-bio-80-exec-2]-[com.jimi.su.server.interceptor.ErrorLogInterceptor.intercept()]: ParameterException:some tables are not readabled

2019-07-18 10:31:09
[ERROR]-[Thread: http-bio-80-exec-1]-[com.jimi.su.server.interceptor.ErrorLogInterceptor.intercept()]: ParameterException:some tables are not readabled

2019-07-18 10:33:16
[ERROR]-[Thread: http-bio-80-exec-1]-[com.jimi.su.server.interceptor.ErrorLogInterceptor.intercept()]: ParameterException:some tables are not readabled

2019-07-18 10:33:18
[ERROR]-[Thread: http-bio-80-exec-2]-[com.jimi.su.server.interceptor.ErrorLogInterceptor.intercept()]: ParameterException:some tables are not readabled

2019-07-18 10:36:41
[ERROR]-[Thread: http-bio-80-exec-1]-[com.jimi.su.server.interceptor.ErrorLogInterceptor.intercept()]: ActiveRecordException:服务器内部错误

2019-07-18 14:39:51
[WARN]-[Thread: http-bio-80-exec-3]-[com.jfinal.core.ActionHandler.handle()]: 404 Action Not Found: /userselectOrganization

2019-07-18 14:46:18
[WARN]-[Thread: http-bio-80-exec-10]-[com.jfinal.core.ActionHandler.handle()]: 404 Action Not Found: /file/getMD5Code

2019-07-18 14:46:39
[WARN]-[Thread: http-bio-80-exec-2]-[com.jfinal.core.ActionHandler.handle()]: 404 Action Not Found: /file/getMD5Code
